<?xml version="1.0" encoding="UTF-8"?>
<testsuite xmlns:xsi="http://www.w3.org/2001/XMLSchema-instance" xsi:noNamespaceSchemaLocation="https://maven.apache.org/surefire/maven-surefire-plugin/xsd/surefire-test-report.xsd" version="3.0.2" name="UserMenu Test Cases" time="8.089" tests="1" errors="0" skipped="0" failures="0">
  <properties>
[...]
</properties>
  <testcase name="TC08-Developer console" classname="UserMenu Test Cases" time="7.957">
    <system-out><![CDATA[
@tc08
&amp#27;[1mScenario:&amp#27;[22m TC08-Developer console                                   &amp#27;[90m# Featurefiles/UserMenu.feature:19&amp#27;[39m
  &amp#27;[32mâœ”&amp#27;[39m &amp#27;[32m&amp#27;[1mGiven &amp#27;[22mUser launch the application&amp#27;[39m                              &amp#27;[90m# com.cucumber.Steps.SalesforceSteps.user_launch_the_application()&amp#27;[39m
  &amp#27;[32mâœ”&amp#27;[39m &amp#27;[32m&amp#27;[1mGiven &amp#27;[22mUser is on &amp#27;[1m"HomePage"&amp#27;[22m&amp#27;[39m                                    &amp#27;[90m# com.cucumber.Steps.SalesforceSteps.user_is_on(java.lang.String)&amp#27;[39m
  &amp#27;[32mâœ”&amp#27;[39m &amp#27;[32m&amp#27;[1mThen &amp#27;[22mverify the home tab selected &amp#27;[1m"title"&amp#27;[22m &amp#27;[1m"Sireesha Allu"&amp#27;[22m&amp#27;[39m      &amp#27;[90m# com.cucumber.Steps.SalesforceSteps.verify_the_home_tab_selected(java.lang.String,java.lang.String)&amp#27;[39m
  &amp#27;[32mâœ”&amp#27;[39m &amp#27;[32m&amp#27;[1mThen &amp#27;[22muser click on link &amp#27;[1m"usermenu"&amp#27;[22m&amp#27;[39m                             &amp#27;[90m# com.cucumber.Steps.SalesforceSteps.user_click_on_link(java.lang.String)&amp#27;[39m
  &amp#27;[32mâœ”&amp#27;[39m &amp#27;[32m&amp#27;[1mThen &amp#27;[22muser click on link &amp#27;[1m"developerconsole"&amp#27;[22m&amp#27;[39m                     &amp#27;[90m# com.cucumber.Steps.SalesforceSteps.user_click_on_link(java.lang.String)&amp#27;[39m
  &amp#27;[32mâœ”&amp#27;[39m &amp#27;[32m&amp#27;[1mThen &amp#27;[22muser verify new window is opened &amp#27;[1m"developerconsolewindow"&amp#27;[22m&amp#27;[39m &amp#27;[90m# com.cucumber.Steps.SalesforceSteps.user_verify_new_window_is_opened(java.lang.String)&amp#27;[39m
  &amp#27;[32mâœ”&amp#27;[39m &amp#27;[32m&amp#27;[1mWhen &amp#27;[22muser close the window &amp#27;[1m"developerconsolewindow"&amp#27;[22m&amp#27;[39m            &amp#27;[90m# com.cucumber.Steps.SalesforceSteps.user_close_the_window(java.lang.String)&amp#27;[39m
  &amp#27;[32mâœ”&amp#27;[39m &amp#27;[32m&amp#27;[1mThen &amp#27;[22muser back to main window&amp#27;[39m                                  &amp#27;[90m# com.cucumber.Steps.SalesforceSteps.user_back_to_main_window()&amp#27;[39m

        &amp#27;[34mEmbedding TC08-Developer console [image/png 7389 bytes]&amp#27;[39m

]]></system-out>
    <system-err><![CDATA[SLF4J(W): No SLF4J providers were found.
SLF4J(W): Defaulting to no-operation (NOP) logger implementation
SLF4J(W): See https://www.slf4j.org/codes.html#noProviders for further details.
Starting ChromeDriver 142.0.7444.175 (302067f14a4ea3f42001580e6101fa25ed343445-refs/branch-heads/7444@{#2749}) on port 33627
Only local connections are allowed.
Please see https://chromedriver.chromium.org/security-considerations for suggestions on keeping ChromeDriver safe.
ChromeDriver was started successfully on port 33627.
Dec 04, 2025 8:28:08 PM org.openqa.selenium.remote.ProtocolHandshake createSession
INFO: Detected dialect: W3C
]]></system-err>
  </testcase>
</testsuite>